<?xml version="1.0" encoding="UTF-8"?>
<!-- Generated by org.testng.reporters.JUnitReportReporter -->
<testsuite hostname="RFL596" failures="0" tests="5" name="testCases.TC_ProjectHours_002" time="52.145" errors="0" timestamp="2022-11-26T23:32:14 IST" skipped="0">
  <testcase classname="testCases.TC_ProjectHours_002" name="logintest" time="2.610"/>
  <system-out/>
  <testcase classname="testCases.TC_ProjectHours_002" name="EnterTimesheet" time="12.369"/>
  <system-out/>
  <testcase classname="testCases.TC_ProjectHours_002" name="EnterTimesheet" time="12.352"/>
  <system-out/>
  <testcase classname="testCases.TC_ProjectHours_002" name="EnterTimesheet" time="12.368"/>
  <system-out/>
  <testcase classname="testCases.TC_ProjectHours_002" name="EnterTimesheet" time="12.446"/>
  <system-out/>
</testsuite> <!-- testCases.TC_ProjectHours_002 -->
