<?xml version="1.0" encoding="UTF-8"?>
<!-- Generated by org.testng.reporters.JUnitReportReporter -->
<testsuite hostname="RFL596" failures="0" tests="5" name="testCases.TC_ProjectHours_002" time="51.781" errors="0" timestamp="2022-11-28T20:46:25 IST" skipped="0">
  <testcase classname="testCases.TC_ProjectHours_002" name="logintest" time="2.205"/>
  <system-out/>
  <testcase classname="testCases.TC_ProjectHours_002" name="EnterTimesheet" time="12.389"/>
  <system-out/>
  <testcase classname="testCases.TC_ProjectHours_002" name="EnterTimesheet" time="12.354"/>
  <system-out/>
  <testcase classname="testCases.TC_ProjectHours_002" name="EnterTimesheet" time="12.388"/>
  <system-out/>
  <testcase classname="testCases.TC_ProjectHours_002" name="EnterTimesheet" time="12.445"/>
  <system-out/>
</testsuite> <!-- testCases.TC_ProjectHours_002 -->
