<?xml version="1.0" encoding="UTF-8"?>
<!-- Generated by org.testng.reporters.JUnitReportReporter -->
<testsuite hostname="RFL596" failures="0" tests="5" name="testCases.TC_ProjectHours_002" time="57.906" errors="0" timestamp="2022-09-25T19:56:51 IST" skipped="0">
  <testcase classname="testCases.TC_ProjectHours_002" name="logintest" time="7.006"/>
  <system-out/>
  <testcase classname="testCases.TC_ProjectHours_002" name="EnterTimesheet" time="12.690"/>
  <system-out/>
  <testcase classname="testCases.TC_ProjectHours_002" name="EnterTimesheet" time="12.696"/>
  <system-out/>
  <testcase classname="testCases.TC_ProjectHours_002" name="EnterTimesheet" time="12.777"/>
  <system-out/>
  <testcase classname="testCases.TC_ProjectHours_002" name="EnterTimesheet" time="12.737"/>
  <system-out/>
</testsuite> <!-- testCases.TC_ProjectHours_002 -->
