<?xml version="1.0" encoding="UTF-8"?>
<!-- Generated by org.testng.reporters.JUnitReportReporter -->
<testsuite hostname="RFL596" failures="0" tests="1" name="testCases.TC_LoginTest_001" time="5.885" errors="0" timestamp="2022-11-26T23:32:14 IST" skipped="0">
  <testcase classname="testCases.TC_LoginTest_001" name="logintest" time="5.885"/>
  <system-out/>
</testsuite> <!-- testCases.TC_LoginTest_001 -->
