<?xml version="1.0" encoding="UTF-8"?>
<!-- Generated by org.testng.reporters.JUnitReportReporter -->
<testsuite hostname="RFL596" failures="0" tests="1" name="testCases.TC_LoginTest_001" time="2.238" errors="0" timestamp="2022-11-28T20:39:55 IST" skipped="0">
  <testcase classname="testCases.TC_LoginTest_001" name="logintest" time="2.238"/>
  <system-out/>
</testsuite> <!-- testCases.TC_LoginTest_001 -->
