<?xml version="1.0" encoding="UTF-8"?>
<!-- Generated by org.testng.reporters.JUnitReportReporter -->
<testsuite hostname="RFL596" failures="0" tests="1" name="testCases.TC_LoginTest_001" time="4.490" errors="0" timestamp="2022-10-13T11:33:10 IST" skipped="0">
  <testcase classname="testCases.TC_LoginTest_001" name="logintest" time="4.490"/>
  <system-out/>
</testsuite> <!-- testCases.TC_LoginTest_001 -->
